<?xml version="1.0" encoding="UTF-8"?>
<!-- Generated by org.testng.reporters.JUnitReportReporter -->
<testsuite skipped="0" hostname="DESKTOP-D54PT5E" name="RunNhsBsaTest" tests="1" failures="0" timestamp="19 Oct 2020 15:41:44 GMT" time="15.241" errors="0">
  <testcase name="runScenario" time="15.241" classname="RunNhsBsaTest"/>
</testsuite> <!-- RunNhsBsaTest -->
